<?xml version="1.0" encoding="UTF-8"?>
<!-- Generated by org.testng.reporters.JUnitReportReporter -->
<testsuite hostname="Mohanakrishnan" failures="0" tests="2" name="Runner.RunnerFile" time="755.355" errors="1" timestamp="2022-09-03T15:38:01 IST" skipped="0">
  <testcase classname="Runner.RunnerFile" name="runScenario" time="752.715"/>
  <system-out/>
  <testcase classname="Runner.RunnerFile" name="tearDownClass" time="2.640">
    <error message="Unable to make field private java.lang.String java.lang.Throwable.detailMessage accessible: module java.base does not &quot;opens java.lang&quot; to unnamed module @100fc185" type="java.lang.reflect.InaccessibleObjectException">
      <![CDATA[java.lang.reflect.InaccessibleObjectException: Unable to make field private java.lang.String java.lang.Throwable.detailMessage accessible: module java.base does not "opens java.lang" to unnamed module @100fc185
at java.base/java.lang.reflect.AccessibleObject.checkCanSetAccessible(AccessibleObject.java:354)
at java.base/java.lang.reflect.AccessibleObject.checkCanSetAccessible(AccessibleObject.java:297)
at java.base/java.lang.reflect.Field.checkCanSetAccessible(Field.java:178)
at java.base/java.lang.reflect.Field.setAccessible(Field.java:172)
at com.google.gson.internal.reflect.UnsafeReflectionAccessor.makeAccessible(UnsafeReflectionAccessor.java:44)
at com.google.gson.internal.bind.ReflectiveTypeAdapterFactory.getBoundFields(ReflectiveTypeAdapterFactory.java:159)
at com.google.gson.internal.bind.ReflectiveTypeAdapterFactory.create(ReflectiveTypeAdapterFactory.java:102)
at com.google.gson.Gson.getAdapter(Gson.java:458)
at com.google.gson.internal.bind.ReflectiveTypeAdapterFactory.createBoundField(ReflectiveTypeAdapterFactory.java:117)
at com.google.gson.internal.bind.ReflectiveTypeAdapterFactory.getBoundFields(ReflectiveTypeAdapterFactory.java:166)
at com.google.gson.internal.bind.ReflectiveTypeAdapterFactory.create(ReflectiveTypeAdapterFactory.java:102)
at com.google.gson.Gson.getAdapter(Gson.java:458)
at com.google.gson.internal.bind.ReflectiveTypeAdapterFactory.createBoundField(ReflectiveTypeAdapterFactory.java:117)
at com.google.gson.internal.bind.ReflectiveTypeAdapterFactory.getBoundFields(ReflectiveTypeAdapterFactory.java:166)
at com.google.gson.internal.bind.ReflectiveTypeAdapterFactory.create(ReflectiveTypeAdapterFactory.java:102)
at com.google.gson.Gson.getAdapter(Gson.java:458)
at com.google.gson.internal.bind.CollectionTypeAdapterFactory.create(CollectionTypeAdapterFactory.java:53)
at com.google.gson.Gson.getAdapter(Gson.java:458)
at com.google.gson.internal.bind.ReflectiveTypeAdapterFactory.createBoundField(ReflectiveTypeAdapterFactory.java:117)
at com.google.gson.internal.bind.ReflectiveTypeAdapterFactory.getBoundFields(ReflectiveTypeAdapterFactory.java:166)
at com.google.gson.internal.bind.ReflectiveTypeAdapterFactory.create(ReflectiveTypeAdapterFactory.java:102)
at com.google.gson.Gson.getAdapter(Gson.java:458)
at com.google.gson.internal.bind.TypeAdapterRuntimeTypeWrapper.write(TypeAdapterRuntimeTypeWrapper.java:56)
at com.google.gson.internal.bind.CollectionTypeAdapterFactory$Adapter.write(CollectionTypeAdapterFactory.java:97)
at com.google.gson.internal.bind.CollectionTypeAdapterFactory$Adapter.write(CollectionTypeAdapterFactory.java:61)
at com.google.gson.Gson.toJson(Gson.java:704)
at com.google.gson.Gson.toJson(Gson.java:683)
at com.google.gson.Gson.toJson(Gson.java:658)
at com.aventstack.extentreports.reporter.JsonFormatter.flush(JsonFormatter.java:57)
at com.aventstack.extentreports.reporter.JsonFormatter.access$0(JsonFormatter.java:50)
at com.aventstack.extentreports.reporter.JsonFormatter$1.onNext(JsonFormatter.java:37)
at com.aventstack.extentreports.reporter.JsonFormatter$1.onNext(JsonFormatter.java:1)
at io.reactivex.rxjava3.subjects.PublishSubject$PublishDisposable.onNext(PublishSubject.java:310)
at io.reactivex.rxjava3.subjects.PublishSubject.onNext(PublishSubject.java:226)
at com.aventstack.extentreports.ReactiveSubject.onFlush(ReactiveSubject.java:83)
at com.aventstack.extentreports.AbstractProcessor.onFlush(AbstractProcessor.java:85)
at com.aventstack.extentreports.ExtentReports.flush(ExtentReports.java:284)
at com.aventstack.extentreports.cucumber.adapter.ExtentCucumberAdapter.finishReport(ExtentCucumberAdapter.java:317)
at com.aventstack.extentreports.cucumber.adapter.ExtentCucumberAdapter.access$600(ExtentCucumberAdapter.java:64)
at com.aventstack.extentreports.cucumber.adapter.ExtentCucumberAdapter$8.receive(ExtentCucumberAdapter.java:140)
at com.aventstack.extentreports.cucumber.adapter.ExtentCucumberAdapter$8.receive(ExtentCucumberAdapter.java:137)
at io.cucumber.core.eventbus.AbstractEventPublisher.send(AbstractEventPublisher.java:45)
at io.cucumber.core.eventbus.AbstractEventBus.send(AbstractEventBus.java:9)
at io.cucumber.testng.TestNGCucumberRunner.finish(TestNGCucumberRunner.java:133)
at io.cucumber.testng.AbstractTestNGCucumberTests.tearDownClass(AbstractTestNGCucumberTests.java:51)
at java.base/jdk.internal.reflect.NativeMethodAccessorImpl.invoke0(Native Method)
at java.base/jdk.internal.reflect.NativeMethodAccessorImpl.invoke(NativeMethodAccessorImpl.java:77)
at java.base/jdk.internal.reflect.DelegatingMethodAccessorImpl.invoke(DelegatingMethodAccessorImpl.java:43)
at java.base/java.lang.reflect.Method.invoke(Method.java:568)
at org.testng.internal.MethodInvocationHelper.invokeMethod(MethodInvocationHelper.java:134)
at org.testng.internal.MethodInvocationHelper.invokeMethodConsideringTimeout(MethodInvocationHelper.java:63)
at org.testng.internal.ConfigInvoker.invokeConfigurationMethod(ConfigInvoker.java:348)
at org.testng.internal.ConfigInvoker.invokeConfigurations(ConfigInvoker.java:302)
at org.testng.internal.TestMethodWorker.invokeAfterClassMethods(TestMethodWorker.java:217)
at org.testng.internal.TestMethodWorker.run(TestMethodWorker.java:130)
at java.base/java.util.ArrayList.forEach(ArrayList.java:1511)
at org.testng.TestRunner.privateRun(TestRunner.java:766)
at org.testng.TestRunner.run(TestRunner.java:587)
at org.testng.SuiteRunner.runTest(SuiteRunner.java:384)
at org.testng.SuiteRunner.runSequentially(SuiteRunner.java:378)
at org.testng.SuiteRunner.privateRun(SuiteRunner.java:337)
at org.testng.SuiteRunner.run(SuiteRunner.java:286)
at org.testng.SuiteRunnerWorker.runSuite(SuiteRunnerWorker.java:53)
at org.testng.SuiteRunnerWorker.run(SuiteRunnerWorker.java:96)
at org.testng.TestNG.runSuitesSequentially(TestNG.java:1187)
at org.testng.TestNG.runSuitesLocally(TestNG.java:1109)
at org.testng.TestNG.runSuites(TestNG.java:1039)
at org.testng.TestNG.run(TestNG.java:1007)
at org.testng.remote.AbstractRemoteTestNG.run(AbstractRemoteTestNG.java:115)
at org.testng.remote.RemoteTestNG.initAndRun(RemoteTestNG.java:251)
at org.testng.remote.RemoteTestNG.main(RemoteTestNG.java:77)
]]>
    </error>
  </testcase> <!-- tearDownClass -->
  <system-out/>
</testsuite> <!-- Runner.RunnerFile -->
